<?xml version="1.0" encoding="UTF-8"?>
<!-- Generated by org.testng.reporters.JUnitReportReporter -->
<testsuite skipped="3" hostname="Anshuls-MacBook.local" name="com.liveproject.CreatePortfolio" tests="4" failures="0" timestamp="2022-06-25T23:02:28 IST" time="0.071" errors="1">
  <testcase name="openBrowser" time="0.071" classname="com.liveproject.CreatePortfolio">
    <error type="java.lang.IllegalStateException" message="The driver executable must exist: /Users/anshul/Trainings/JavaProjectTraining/FirstSeleniumProject/drivers/chromedriver">
      <![CDATA[java.lang.IllegalStateException: The driver executable must exist: /Users/anshul/Trainings/JavaProjectTraining/FirstSeleniumProject/drivers/chromedriver
at org.openqa.selenium.internal.Require$FileStateChecker.isFile(Require.java:342)
at org.openqa.selenium.remote.service.DriverService.checkExecutable(DriverService.java:147)
at org.openqa.selenium.remote.service.DriverService.findExecutable(DriverService.java:142)
at org.openqa.selenium.chrome.ChromeDriverService.access$000(ChromeDriverService.java:38)
at org.openqa.selenium.chrome.ChromeDriverService$Builder.findDefaultExecutable(ChromeDriverService.java:231)
at org.openqa.selenium.remote.service.DriverService$Builder.build(DriverService.java:437)
at org.openqa.selenium.chrome.ChromeDriverService.createDefaultService(ChromeDriverService.java:127)
at org.openqa.selenium.chrome.ChromeDriver.<init>(ChromeDriver.java:48)
at com.liveproject.CreatePortfolio.openBrowser(CreatePortfolio.java:32)
at sun.reflect.NativeMethodAccessorImpl.invoke0(Native Method)
at sun.reflect.NativeMethodAccessorImpl.invoke(NativeMethodAccessorImpl.java:62)
at sun.reflect.DelegatingMethodAccessorImpl.invoke(DelegatingMethodAccessorImpl.java:43)
at java.lang.reflect.Method.invoke(Method.java:498)
at org.testng.internal.MethodInvocationHelper.invokeMethod(MethodInvocationHelper.java:133)
at org.testng.internal.MethodInvocationHelper.invokeMethodConsideringTimeout(MethodInvocationHelper.java:62)
at org.testng.internal.ConfigInvoker.invokeConfigurationMethod(ConfigInvoker.java:385)
at org.testng.internal.ConfigInvoker.invokeConfigurations(ConfigInvoker.java:321)
at org.testng.SuiteRunner.privateRun(SuiteRunner.java:317)
at org.testng.SuiteRunner.run(SuiteRunner.java:276)
at org.testng.SuiteRunnerWorker.runSuite(SuiteRunnerWorker.java:53)
at org.testng.SuiteRunnerWorker.run(SuiteRunnerWorker.java:96)
at org.testng.TestNG.runSuitesSequentially(TestNG.java:1212)
at org.testng.TestNG.runSuitesLocally(TestNG.java:1134)
at org.testng.TestNG.runSuites(TestNG.java:1063)
at org.testng.TestNG.run(TestNG.java:1031)
at org.testng.remote.AbstractRemoteTestNG.run(AbstractRemoteTestNG.java:115)
at org.testng.remote.RemoteTestNG.initAndRun(RemoteTestNG.java:251)
at org.testng.remote.RemoteTestNG.main(RemoteTestNG.java:77)
]]>
    </error>
  </testcase> <!-- openBrowser -->
  <system-out/>
  <testcase name="testCreatePortfolio" time="0.000" classname="com.liveproject.CreatePortfolio">
    <skipped/>
  </testcase> <!-- testCreatePortfolio -->
  <system-out/>
  <testcase name="testportfolioVerification" time="0.000" classname="com.liveproject.CreatePortfolio">
    <skipped/>
  </testcase> <!-- testportfolioVerification -->
  <system-out/>
  <testcase name="testDeletePortfolio" time="0.000" classname="com.liveproject.CreatePortfolio">
    <skipped/>
  </testcase> <!-- testDeletePortfolio -->
  <system-out/>
</testsuite> <!-- com.liveproject.CreatePortfolio -->
